<?xml version="1.0" encoding="UTF-8"?>
<!-- Generated by org.testng.reporters.JUnitReportReporter -->
<testsuite hostname="IN-PG0351R1" failures="0" tests="1" name="JenkinsAssign.SampleTestCases.AppTest" time="8.263" errors="0" timestamp="03 Oct 2023 10:32:33 GMT" skipped="0">
  <testcase classname="JenkinsAssign.SampleTestCases.AppTest" name="launchBrowser" time="8.263"/>
</testsuite> <!-- JenkinsAssign.SampleTestCases.AppTest -->
