<?xml version="1.0" encoding="UTF-8"?>
<!-- Generated by org.testng.reporters.JUnitReportReporter -->
<testsuite hostname="IN-PG0351R1" failures="0" tests="1" name="JenkinsAssign.SampleTestCases.AppTest" time="6.733" errors="0" timestamp="04 Oct 2023 09:32:48 GMT" skipped="0">
  <testcase classname="JenkinsAssign.SampleTestCases.AppTest" name="launchBrowser" time="6.733"/>
</testsuite> <!-- JenkinsAssign.SampleTestCases.AppTest -->
